<?xml version="1.0" encoding="UTF-8"?>
<!-- Generated by org.testng.reporters.JUnitReportReporter -->
<testsuite skipped="0" hostname="MSI" name="com.cybertek.TikiWiki.runners.SmokeTestRunner" tests="7" failures="0" timestamp="10 Apr 2018 00:36:39 GMT" time="0.130" errors="7">
  <testcase name="runScenario" time="0.017" classname="com.cybertek.TikiWiki.runners.SmokeTestRunner">
    <error/>
  </testcase> <!-- runScenario -->
  <testcase name="runScenario" time="0.009" classname="com.cybertek.TikiWiki.runners.SmokeTestRunner">
    <error/>
  </testcase> <!-- runScenario -->
  <testcase name="runScenario" time="0.018" classname="com.cybertek.TikiWiki.runners.SmokeTestRunner">
    <error/>
  </testcase> <!-- runScenario -->
  <testcase name="runScenario" time="0.018" classname="com.cybertek.TikiWiki.runners.SmokeTestRunner">
    <error/>
  </testcase> <!-- runScenario -->
  <testcase name="runScenario" time="0.024" classname="com.cybertek.TikiWiki.runners.SmokeTestRunner">
    <error/>
  </testcase> <!-- runScenario -->
  <testcase name="runScenario" time="0.036" classname="com.cybertek.TikiWiki.runners.SmokeTestRunner">
    <error/>
  </testcase> <!-- runScenario -->
  <testcase name="runScenario" time="0.008" classname="com.cybertek.TikiWiki.runners.SmokeTestRunner">
    <error/>
  </testcase> <!-- runScenario -->
</testsuite> <!-- com.cybertek.TikiWiki.runners.SmokeTestRunner -->
